Operating system Centos 7,
 GCC 7.3.0,
 and Cadence NC/IUS 15.20
are a supported combination.
irun(64): 15.20-s039: (c) Copyright 1995-2017 Cadence Design Systems, Inc.
file: bdw_work/sims/top_V_DPA.v
	module worklib.top:v
		errors: 0, warnings: 0
file: bdw_work/wrappers/DC_Filter_cosim.v
	module worklib.DC_Filter_cosim:v
		errors: 0, warnings: 0
file: bdw_work/modules/DC_Filter/DPA/DC_Filter_rtl.v
	module worklib.DC_Filter:v
		errors: 0, warnings: 0
file: bdw_work/modules/DC_Filter/DPA/v_rtl/DC_Filter_ROM_9X4_mask2.v
	module worklib.DC_Filter_ROM_9X4_mask2:v
		errors: 0, warnings: 0
file: bdw_work/modules/DC_Filter/DPA/v_rtl/DC_Filter_ROM_9X4_mask1.v
	module worklib.DC_Filter_ROM_9X4_mask1:v
		errors: 0, warnings: 0
file: bdw_work/modules/DC_Filter/DPA/v_rtl/DC_Filter_RAM_2322X8_1.v
	module worklib.DC_Filter_RAM_2322X8_1:v
		errors: 0, warnings: 0
ncvlog: *W,SPDUSD: Include directory bdw_work/wrappers given but not used.
	Total errors/warnings found outside modules and primitives:
		errors: 0, warnings: 1
*** Registering Hub PLI1.0 Interface***
		Caching library 'worklib' ....... Done
	Elaborating the design hierarchy:
	Top level design units:
		top
	Building instance overlay tables: ...........
            $readmemh("bdw_work/modules/DC_Filter/DPA/DC_Filter_ROM_9X4_mask2_0.memh", mask2);
                                                                                           |
ncelab: *W,MEMODR (./bdw_work/modules/DC_Filter/DPA/v_rtl/DC_Filter_ROM_9X4_mask2.v,17|91): $readmem default memory order incompatible with IEEE1364.
......
            $readmemh("bdw_work/modules/DC_Filter/DPA/DC_Filter_ROM_9X4_mask1_1.memh", mask1);
                                                                                           |
ncelab: *W,MEMODR (./bdw_work/modules/DC_Filter/DPA/v_rtl/DC_Filter_ROM_9X4_mask1.v,17|91): $readmem default memory order incompatible with IEEE1364.
... Done
	Generating native compiled code:
		worklib.DC_Filter:v <0x1cb259a6>
			streams: 177, words: 133016
		worklib.DC_Filter_RAM_2322X8_1:v <0x3303178d>
			streams:   2, words:   795
		worklib.DC_Filter_ROM_9X4_mask1:v <0x579a99e0>
			streams:   3, words:   929
		worklib.DC_Filter_ROM_9X4_mask2:v <0x62862179>
			streams:   3, words:   929
		worklib.top:v <0x42fed782>
			streams: 125, words: 111961
	Building instance specific data structures.
	Loading native compiled code:     .................... Done
	Design hierarchy summary:
		                 Instances  Unique
		Modules:                 7       6
		Registers:             250     248
		Scalar wires:           44       -
		Vectored wires:         70       -
		Always blocks:         120     119
		Initial blocks:         11      11
		Cont. assignments:      42      92
		Pseudo assignments:     16      16
		Simulation timescale:  1ps
	Writing initial simulation snapshot: worklib.top:v
Loading snapshot worklib.top:v .................... Done
*Verdi* Loading libsscore_ius152.so
*** Registering Hub PLI1.0 Interface***
ncsim> source /usr/cad/cadence/INCISIV/cur/tools/inca/files/ncsimrc
ncsim> 
ncsim> run

        SystemC 2.3.1-Accellera --- Feb 14 2019 12:08:38
        Copyright (c) 1996-2014 by all Contributors,
        ALL RIGHTS RESERVED
NOTE: Cadence Design Systems Hub Simulation Platform : version 19.12-s100

Info: (I804) /IEEE_Std_1666/deprecated: deprecated constructor: sc_time(uint64,bool)

Info: /OSCI/SystemC: Simulation stopped by user.
Simulation stopped via $stop(1) at time 117846525100 PS + 0
./bdw_work/sims/top_V_DPA.v:69 		#100 $stop;
ncsim> quit
Total run time = 117846460 ns
